<?xml version="1.0" encoding="UTF-8"?>
<!-- Generated by org.testng.reporters.JUnitXMLReporter -->
<testsuite hostname="Subodh" name="Test" tests="9" failures="2" timestamp="23 Apr 2018 10:22:52 GMT" time="1350.019" errors="0">
  <testcase name="@BeforeMethod setUp" time="0.0" classname="hiup.test.signUpUsingExcel_Test">
    <failure type="org.openqa.selenium.WebDriverException" message="An unknown server-side error occurred while processing the command. Original error: Screen did not unlock successfully, retrying (WARNING: The server did not provide any stacktrace information)
Command duration or timeout: 452.58 seconds
Build info: version: &amp;apos;2.48.2&amp;apos;, revision: &amp;apos;41bccdd&amp;apos;, time: &amp;apos;2015-10-09 19:59:12&amp;apos;
System info: host: &amp;apos;Subodh&amp;apos;, ip: &amp;apos;192.168.56.1&amp;apos;, os.name: &amp;apos;Windows 10&amp;apos;, os.arch: &amp;apos;amd64&amp;apos;, os.version: &amp;apos;10.0&amp;apos;, java.version: &amp;apos;1.8.0_144&amp;apos;
Driver info: io.appium.java_client.android.AndroidDriver">
      <![CDATA[org.openqa.selenium.WebDriverException: An unknown server-side error occurred while processing the command. Original error: Screen did not unlock successfully, retrying (WARNING: The server did not provide any stacktrace information)
Command duration or timeout: 452.58 seconds
Build info: version: '2.48.2', revision: '41bccdd', time: '2015-10-09 19:59:12'
System info: host: 'Subodh', ip: '192.168.56.1', os.name: 'Windows 10', os.arch: 'amd64', os.version: '10.0', java.version: '1.8.0_144'
Driver info: io.appium.java_client.android.AndroidDriver
	at org.openqa.selenium.remote.ErrorHandler.createThrowable(ErrorHandler.java:206)
	at org.openqa.selenium.remote.ErrorHandler.throwIfResponseFailed(ErrorHandler.java:158)
	at org.openqa.selenium.remote.RemoteWebDriver.execute(RemoteWebDriver.java:647)
	at io.appium.java_client.DefaultGenericMobileDriver.execute(DefaultGenericMobileDriver.java:40)
	at io.appium.java_client.AppiumDriver.execute(AppiumDriver.java:1)
	at io.appium.java_client.android.AndroidDriver.execute(AndroidDriver.java:1)
	at org.openqa.selenium.remote.RemoteWebDriver.startSession(RemoteWebDriver.java:247)
	at org.openqa.selenium.remote.RemoteWebDriver.<init>(RemoteWebDriver.java:129)
	at org.openqa.selenium.remote.RemoteWebDriver.<init>(RemoteWebDriver.java:142)
	at io.appium.java_client.DefaultGenericMobileDriver.<init>(DefaultGenericMobileDriver.java:36)
	at io.appium.java_client.AppiumDriver.<init>(AppiumDriver.java:114)
	at io.appium.java_client.AppiumDriver.<init>(AppiumDriver.java:132)
	at io.appium.java_client.android.AndroidDriver.<init>(AndroidDriver.java:92)
	at hiup.test.signUpUsingExcel_Test.setUp(signUpUsingExcel_Test.java:71)
... Removed 30 stack frames]]>
    </failure>
  </testcase> <!-- @BeforeMethod setUp -->
  <testcase name="@AfterMethod tearDown" time="0.0" classname="hiup.test.signUpUsingExcel_Test">
    <skipped/>
  </testcase> <!-- @AfterMethod tearDown -->
  <testcase name="@BeforeMethod setUp" time="0.0" classname="hiup.test.signUpUsingExcel_Test">
    <skipped/>
  </testcase> <!-- @BeforeMethod setUp -->
  <testcase name="@AfterMethod tearDown" time="0.0" classname="hiup.test.signUpUsingExcel_Test">
    <skipped/>
  </testcase> <!-- @AfterMethod tearDown -->
  <testcase name="userLogin" time="28.831" classname="hiup.test.profile_Test"/>
  <testcase name="profileMain" time="1.002" classname="hiup.test.profile_Test">
    <failure type="org.openqa.selenium.remote.SessionNotFoundException" message="Session ID is null. Using WebDriver after calling quit()?
Build info: version: &amp;apos;2.48.2&amp;apos;, revision: &amp;apos;41bccdd&amp;apos;, time: &amp;apos;2015-10-09 19:59:12&amp;apos;
System info: host: &amp;apos;Subodh&amp;apos;, ip: &amp;apos;192.168.56.1&amp;apos;, os.name: &amp;apos;Windows 10&amp;apos;, os.arch: &amp;apos;amd64&amp;apos;, os.version: &amp;apos;10.0&amp;apos;, java.version: &amp;apos;1.8.0_144&amp;apos;
Driver info: driver.version: AndroidDriver">
      <![CDATA[org.openqa.selenium.remote.SessionNotFoundException: Session ID is null. Using WebDriver after calling quit()?
Build info: version: '2.48.2', revision: '41bccdd', time: '2015-10-09 19:59:12'
System info: host: 'Subodh', ip: '192.168.56.1', os.name: 'Windows 10', os.arch: 'amd64', os.version: '10.0', java.version: '1.8.0_144'
Driver info: driver.version: AndroidDriver
	at org.openqa.selenium.remote.HttpCommandExecutor.execute(HttpCommandExecutor.java:134)
	at io.appium.java_client.remote.AppiumCommandExecutor.execute(AppiumCommandExecutor.java:69)
	at org.openqa.selenium.remote.RemoteWebDriver.execute(RemoteWebDriver.java:620)
	at io.appium.java_client.DefaultGenericMobileDriver.execute(DefaultGenericMobileDriver.java:40)
	at io.appium.java_client.AppiumDriver.execute(AppiumDriver.java:1)
	at io.appium.java_client.android.AndroidDriver.execute(AndroidDriver.java:1)
	at org.openqa.selenium.remote.RemoteWebDriver.findElement(RemoteWebDriver.java:353)
	at io.appium.java_client.DefaultGenericMobileDriver.findElement(DefaultGenericMobileDriver.java:56)
	at io.appium.java_client.AppiumDriver.findElement(AppiumDriver.java:1)
	at io.appium.java_client.android.AndroidDriver.findElement(AndroidDriver.java:1)
	at org.openqa.selenium.remote.RemoteWebDriver.findElementById(RemoteWebDriver.java:403)
	at io.appium.java_client.DefaultGenericMobileDriver.findElementById(DefaultGenericMobileDriver.java:64)
	at io.appium.java_client.AppiumDriver.findElementById(AppiumDriver.java:1)
	at io.appium.java_client.android.AndroidDriver.findElementById(AndroidDriver.java:1)
	at org.openqa.selenium.By$ById.findElement(By.java:218)
	at org.openqa.selenium.remote.RemoteWebDriver.findElement(RemoteWebDriver.java:345)
	at io.appium.java_client.DefaultGenericMobileDriver.findElement(DefaultGenericMobileDriver.java:52)
	at io.appium.java_client.AppiumDriver.findElement(AppiumDriver.java:1)
	at io.appium.java_client.android.AndroidDriver.findElement(AndroidDriver.java:1)
	at hiup.pages.profilePage.clickThumbNavButton(profilePage.java:33)
	at hiup.pages.profilePage.profileMain(profilePage.java:197)
	at hiup.test.profile_Test.profileMain(profile_Test.java:90)
... Removed 24 stack frames]]>
    </failure>
  </testcase> <!-- profileMain -->
  <testcase name="userForgetPassword" time="24.837" classname="hiup.test.forgetPassword_Test"/>
  <testcase name="testAllActivityWithoutLogin" time="136.907" classname="hiup.test.allActivity_Test">
    <failure type="org.openqa.selenium.NoSuchElementException" message="An element could not be located on the page using the given search parameters. (WARNING: The server did not provide any stacktrace information)
Command duration or timeout: 32.35 seconds
For documentation on this error, please visit: http://seleniumhq.org/exceptions/no_such_element.html
Build info: version: &amp;apos;2.48.2&amp;apos;, revision: &amp;apos;41bccdd&amp;apos;, time: &amp;apos;2015-10-09 19:59:12&amp;apos;
System info: host: &amp;apos;Subodh&amp;apos;, ip: &amp;apos;192.168.56.1&amp;apos;, os.name: &amp;apos;Windows 10&amp;apos;, os.arch: &amp;apos;amd64&amp;apos;, os.version: &amp;apos;10.0&amp;apos;, java.version: &amp;apos;1.8.0_144&amp;apos;
Driver info: io.appium.java_client.android.AndroidDriver
Capabilities [{appPackage=co.olivemedia.hihoandroidwebapp, deviceScreenSize=1440x2960, networkConnectionEnabled=true, warnings={}, databaseEnabled=false, deviceName=ce11171b65dd9c3a0c, platform=LINUX, deviceUDID=ce11171b65dd9c3a0c, appActivity=co.olivemedia.hihoandroidwebapp.activities.SplashScreenActivity, desired={appPackage=co.olivemedia.hihoandroidwebapp, appActivity=co.olivemedia.hihoandroidwebapp.activities.SplashScreenActivity, platformVersion=8.0, locationContextEnabled=true, autoGrantPermissions=true, gpsEnabled=true, platformName=Android, deviceName=Samsung S8}, platformVersion=8.0.0, webStorageEnabled=false, locationContextEnabled=true, takesScreenshot=true, autoGrantPermissions=true, javascriptEnabled=true, deviceModel=SM-G950F, gpsEnabled=true, platformName=Android, deviceManufacturer=samsung}]
Session ID: 18936d54-05bf-46d8-9cfa-adac78b92049
*** Element info: {Using=id, value=co.olivemedia.hihoandroidwebapp:id/bt_my_courses}">
      <![CDATA[org.openqa.selenium.NoSuchElementException: An element could not be located on the page using the given search parameters. (WARNING: The server did not provide any stacktrace information)
Command duration or timeout: 32.35 seconds
For documentation on this error, please visit: http://seleniumhq.org/exceptions/no_such_element.html
Build info: version: '2.48.2', revision: '41bccdd', time: '2015-10-09 19:59:12'
System info: host: 'Subodh', ip: '192.168.56.1', os.name: 'Windows 10', os.arch: 'amd64', os.version: '10.0', java.version: '1.8.0_144'
Driver info: io.appium.java_client.android.AndroidDriver
Capabilities [{appPackage=co.olivemedia.hihoandroidwebapp, deviceScreenSize=1440x2960, networkConnectionEnabled=true, warnings={}, databaseEnabled=false, deviceName=ce11171b65dd9c3a0c, platform=LINUX, deviceUDID=ce11171b65dd9c3a0c, appActivity=co.olivemedia.hihoandroidwebapp.activities.SplashScreenActivity, desired={appPackage=co.olivemedia.hihoandroidwebapp, appActivity=co.olivemedia.hihoandroidwebapp.activities.SplashScreenActivity, platformVersion=8.0, locationContextEnabled=true, autoGrantPermissions=true, gpsEnabled=true, platformName=Android, deviceName=Samsung S8}, platformVersion=8.0.0, webStorageEnabled=false, locationContextEnabled=true, takesScreenshot=true, autoGrantPermissions=true, javascriptEnabled=true, deviceModel=SM-G950F, gpsEnabled=true, platformName=Android, deviceManufacturer=samsung}]
Session ID: 18936d54-05bf-46d8-9cfa-adac78b92049
*** Element info: {Using=id, value=co.olivemedia.hihoandroidwebapp:id/bt_my_courses}
	at org.openqa.selenium.remote.ErrorHandler.createThrowable(ErrorHandler.java:206)
	at org.openqa.selenium.remote.ErrorHandler.throwIfResponseFailed(ErrorHandler.java:158)
	at org.openqa.selenium.remote.RemoteWebDriver.execute(RemoteWebDriver.java:647)
	at io.appium.java_client.DefaultGenericMobileDriver.execute(DefaultGenericMobileDriver.java:40)
	at io.appium.java_client.AppiumDriver.execute(AppiumDriver.java:1)
	at io.appium.java_client.android.AndroidDriver.execute(AndroidDriver.java:1)
	at org.openqa.selenium.remote.RemoteWebDriver.findElement(RemoteWebDriver.java:353)
	at io.appium.java_client.DefaultGenericMobileDriver.findElement(DefaultGenericMobileDriver.java:56)
	at io.appium.java_client.AppiumDriver.findElement(AppiumDriver.java:1)
	at io.appium.java_client.android.AndroidDriver.findElement(AndroidDriver.java:1)
	at org.openqa.selenium.remote.RemoteWebDriver.findElementById(RemoteWebDriver.java:403)
	at io.appium.java_client.DefaultGenericMobileDriver.findElementById(DefaultGenericMobileDriver.java:64)
	at io.appium.java_client.AppiumDriver.findElementById(AppiumDriver.java:1)
	at io.appium.java_client.android.AndroidDriver.findElementById(AndroidDriver.java:1)
	at org.openqa.selenium.By$ById.findElement(By.java:218)
	at org.openqa.selenium.remote.RemoteWebDriver.findElement(RemoteWebDriver.java:345)
	at io.appium.java_client.DefaultGenericMobileDriver.findElement(DefaultGenericMobileDriver.java:52)
	at io.appium.java_client.AppiumDriver.findElement(AppiumDriver.java:1)
	at io.appium.java_client.android.AndroidDriver.findElement(AndroidDriver.java:1)
	at hiup.pages.allActivityPage.clickTraining_MyCourses(allActivityPage.java:232)
	at hiup.pages.allActivityPage.testAllActivityWithoutLogin(allActivityPage.java:431)
	at hiup.test.allActivity_Test.testAllActivityWithoutLogin(allActivity_Test.java:75)
... Removed 28 stack frames]]>
    </failure>
  </testcase> <!-- testAllActivityWithoutLogin -->
  <testcase name="userLogin" time="29.896" classname="hiup.test.login_Test"/>
  <testcase name="loadSignUpScreen" time="8.768" classname="hiup.test.signUp_Test"/>
  <testcase name="userSignUp" time="524.483" classname="hiup.test.signUp_Test"/>
  <testcase name="loadSignUpScreen" time="0.0" classname="hiup.test.signUpUsingExcel_Test">
    <skipped/>
  </testcase> <!-- loadSignUpScreen -->
  <testcase name="userSignUp" time="0.0" classname="hiup.test.signUpUsingExcel_Test">
    <skipped/>
  </testcase> <!-- userSignUp -->
</testsuite> <!-- Test -->
