<?xml version="1.0" encoding="UTF-8"?>
<!-- Generated by org.testng.reporters.JUnitReportReporter -->
<testsuite hostname="Subodh" name="hiup.test.allActivity_Test" tests="1" failures="0" timestamp="25 Jul 2018 11:19:10 GMT" time="196.690" errors="1">
  <testcase name="testAllActivityWithoutLogin" time="196.690" classname="hiup.test.allActivity_Test">
    <error type="org.openqa.selenium.NoSuchElementException" message="An element could not be located on the page using the given search parameters. (WARNING: The server did not provide any stacktrace information)
Command duration or timeout: 33.10 seconds
For documentation on this error, please visit: http://seleniumhq.org/exceptions/no_such_element.html
Build info: version: &#039;2.48.2&#039;, revision: &#039;41bccdd&#039;, time: &#039;2015-10-09 19:59:12&#039;
System info: host: &#039;Subodh&#039;, ip: &#039;192.168.56.1&#039;, os.name: &#039;Windows 10&#039;, os.arch: &#039;amd64&#039;, os.version: &#039;10.0&#039;, java.version: &#039;1.8.0_144&#039;
Driver info: io.appium.java_client.android.AndroidDriver
Capabilities [{appPackage=co.olivemedia.hihoandroidwebapp, deviceScreenSize=1080x2160, networkConnectionEnabled=true, noReset=false, warnings={}, databaseEnabled=false, deviceName=c58a4452, platform=LINUX, deviceUDID=c58a4452, appActivity=co.olivemedia.hihoandroidwebapp.activities.SplashScreenActivity, desired={appPackage=co.olivemedia.hihoandroidwebapp, appActivity=co.olivemedia.hihoandroidwebapp.activities.SplashScreenActivity, noReset=false, platformVersion=8.1, locationContextEnabled=true, autoGrantPermissions=true, gpsEnabled=true, platformName=Android, deviceName=Samsung S8}, platformVersion=8.1.0, webStorageEnabled=false, locationContextEnabled=true, takesScreenshot=true, autoGrantPermissions=true, javascriptEnabled=true, deviceModel=ONEPLUS A5010, gpsEnabled=true, platformName=Android, deviceManufacturer=OnePlus}]
Session ID: 14bfc8b7-8f65-4db4-b60a-f3ab86b3da72
*** Element info: {Using=id, value=co.olivemedia.hihoandroidwebapp:id/forgotten_password}">
      <![CDATA[org.openqa.selenium.NoSuchElementException: An element could not be located on the page using the given search parameters. (WARNING: The server did not provide any stacktrace information)
Command duration or timeout: 33.10 seconds
For documentation on this error, please visit: http://seleniumhq.org/exceptions/no_such_element.html
Build info: version: '2.48.2', revision: '41bccdd', time: '2015-10-09 19:59:12'
System info: host: 'Subodh', ip: '192.168.56.1', os.name: 'Windows 10', os.arch: 'amd64', os.version: '10.0', java.version: '1.8.0_144'
Driver info: io.appium.java_client.android.AndroidDriver
Capabilities [{appPackage=co.olivemedia.hihoandroidwebapp, deviceScreenSize=1080x2160, networkConnectionEnabled=true, noReset=false, warnings={}, databaseEnabled=false, deviceName=c58a4452, platform=LINUX, deviceUDID=c58a4452, appActivity=co.olivemedia.hihoandroidwebapp.activities.SplashScreenActivity, desired={appPackage=co.olivemedia.hihoandroidwebapp, appActivity=co.olivemedia.hihoandroidwebapp.activities.SplashScreenActivity, noReset=false, platformVersion=8.1, locationContextEnabled=true, autoGrantPermissions=true, gpsEnabled=true, platformName=Android, deviceName=Samsung S8}, platformVersion=8.1.0, webStorageEnabled=false, locationContextEnabled=true, takesScreenshot=true, autoGrantPermissions=true, javascriptEnabled=true, deviceModel=ONEPLUS A5010, gpsEnabled=true, platformName=Android, deviceManufacturer=OnePlus}]
Session ID: 14bfc8b7-8f65-4db4-b60a-f3ab86b3da72
*** Element info: {Using=id, value=co.olivemedia.hihoandroidwebapp:id/forgotten_password}
	at sun.reflect.NativeConstructorAccessorImpl.newInstance0(Native Method)
	at sun.reflect.NativeConstructorAccessorImpl.newInstance(Unknown Source)
	at sun.reflect.DelegatingConstructorAccessorImpl.newInstance(Unknown Source)
	at java.lang.reflect.Constructor.newInstance(Unknown Source)
	at org.openqa.selenium.remote.ErrorHandler.createThrowable(ErrorHandler.java:206)
	at org.openqa.selenium.remote.ErrorHandler.throwIfResponseFailed(ErrorHandler.java:158)
	at org.openqa.selenium.remote.RemoteWebDriver.execute(RemoteWebDriver.java:647)
	at io.appium.java_client.DefaultGenericMobileDriver.execute(DefaultGenericMobileDriver.java:40)
	at io.appium.java_client.AppiumDriver.execute(AppiumDriver.java:1)
	at io.appium.java_client.android.AndroidDriver.execute(AndroidDriver.java:1)
	at org.openqa.selenium.remote.RemoteWebDriver.findElement(RemoteWebDriver.java:353)
	at io.appium.java_client.DefaultGenericMobileDriver.findElement(DefaultGenericMobileDriver.java:56)
	at io.appium.java_client.AppiumDriver.findElement(AppiumDriver.java:1)
	at io.appium.java_client.android.AndroidDriver.findElement(AndroidDriver.java:1)
	at org.openqa.selenium.remote.RemoteWebDriver.findElementById(RemoteWebDriver.java:403)
	at io.appium.java_client.DefaultGenericMobileDriver.findElementById(DefaultGenericMobileDriver.java:64)
	at io.appium.java_client.AppiumDriver.findElementById(AppiumDriver.java:1)
	at io.appium.java_client.android.AndroidDriver.findElementById(AndroidDriver.java:1)
	at org.openqa.selenium.By$ById.findElement(By.java:218)
	at org.openqa.selenium.remote.RemoteWebDriver.findElement(RemoteWebDriver.java:345)
	at io.appium.java_client.DefaultGenericMobileDriver.findElement(DefaultGenericMobileDriver.java:52)
	at io.appium.java_client.AppiumDriver.findElement(AppiumDriver.java:1)
	at io.appium.java_client.android.AndroidDriver.findElement(AndroidDriver.java:1)
	at hiup.pages.allActivityPage.clickForgottenPasswordButton(allActivityPage.java:133)
	at hiup.pages.allActivityPage.testAllActivityWithoutLogin(allActivityPage.java:467)
	at hiup.test.allActivity_Test.testAllActivityWithoutLogin(allActivity_Test.java:66)
	at sun.reflect.NativeMethodAccessorImpl.invoke0(Native Method)
	at sun.reflect.NativeMethodAccessorImpl.invoke(Unknown Source)
	at sun.reflect.DelegatingMethodAccessorImpl.invoke(Unknown Source)
	at java.lang.reflect.Method.invoke(Unknown Source)
	at org.testng.internal.MethodInvocationHelper.invokeMethod(MethodInvocationHelper.java:85)
	at org.testng.internal.Invoker.invokeMethod(Invoker.java:639)
	at org.testng.internal.Invoker.invokeTestMethod(Invoker.java:821)
	at org.testng.internal.Invoker.invokeTestMethods(Invoker.java:1131)
	at org.testng.internal.TestMethodWorker.invokeTestMethods(TestMethodWorker.java:124)
	at org.testng.internal.TestMethodWorker.run(TestMethodWorker.java:108)
	at org.testng.TestRunner.privateRun(TestRunner.java:773)
	at org.testng.TestRunner.run(TestRunner.java:623)
	at org.testng.SuiteRunner.runTest(SuiteRunner.java:357)
	at org.testng.SuiteRunner.runSequentially(SuiteRunner.java:352)
	at org.testng.SuiteRunner.privateRun(SuiteRunner.java:310)
	at org.testng.SuiteRunner.run(SuiteRunner.java:259)
	at org.testng.SuiteRunnerWorker.runSuite(SuiteRunnerWorker.java:52)
	at org.testng.SuiteRunnerWorker.run(SuiteRunnerWorker.java:86)
	at org.testng.TestNG.runSuitesSequentially(TestNG.java:1185)
	at org.testng.TestNG.runSuitesLocally(TestNG.java:1110)
	at org.testng.TestNG.run(TestNG.java:1018)
	at org.testng.remote.AbstractRemoteTestNG.run(AbstractRemoteTestNG.java:132)
	at org.testng.remote.RemoteTestNG.initAndRun(RemoteTestNG.java:230)
	at org.testng.remote.RemoteTestNG.main(RemoteTestNG.java:76)
]]>
    </error>
  </testcase> <!-- testAllActivityWithoutLogin -->
</testsuite> <!-- hiup.test.allActivity_Test -->
